<?xml version="1.0" encoding="UTF-8"?>
<!-- Generated by org.testng.reporters.JUnitXMLReporter -->
<testsuite hostname="veureka-Inspiron-5567" ignored="0" name="Admin Tests" tests="11" failures="1" timestamp="24 Jan 2019 17:13:18 GMT" time="177.729" errors="0">
  <testcase name="@AfterClass tearDown" time="0.003" classname="romero.com.ExtendReportExample.base.TestBase">
    <failure type="java.lang.NullPointerException">
      <![CDATA[java.lang.NullPointerException
at romero.com.ExtendReportExample.base.TestBase.tearDown(TestBase.java:64)
... Removed 26 stack frames]]>
    </failure>
  </testcase> <!-- @AfterClass tearDown -->
  <testcase name="@BeforeClass initializeTestBaseSetup" time="0.0" classname="romero.com.ExtendReportExample.base.TestBase">
    <skipped/>
  </testcase> <!-- @BeforeClass initializeTestBaseSetup -->
  <testcase name="@BeforeClass setUp" time="0.0" classname="romero.com.ExtendReportExample.SignInPageTest">
    <skipped/>
  </testcase> <!-- @BeforeClass setUp -->
  <testcase name="@AfterClass tearDown" time="0.0" classname="romero.com.ExtendReportExample.base.TestBase">
    <skipped/>
  </testcase> <!-- @AfterClass tearDown -->
  <testcase name="@BeforeClass initializeTestBaseSetup" time="0.0" classname="romero.com.ExtendReportExample.base.TestBase">
    <skipped/>
  </testcase> <!-- @BeforeClass initializeTestBaseSetup -->
  <testcase name="@BeforeClass setUp" time="0.0" classname="romero.com.ExtendReportExample.CreateAccountTest">
    <skipped/>
  </testcase> <!-- @BeforeClass setUp -->
  <testcase name="@AfterClass tearDown" time="0.0" classname="romero.com.ExtendReportExample.base.TestBase">
    <skipped/>
  </testcase> <!-- @AfterClass tearDown -->
  <testcase name="baseTest1" time="0.214" classname="romero.com.ExtendReportExample.BasePageTest"/>
  <testcase name="baseTest2" time="3.004" classname="romero.com.ExtendReportExample.BasePageTest"/>
  <testcase name="baseTest3" time="0.004" classname="romero.com.ExtendReportExample.BasePageTest"/>
  <testcase name="verifyHomePage" time="0.013" classname="romero.com.ExtendReportExample.BasePageTest">
    <failure type="java.lang.NullPointerException">
      <![CDATA[java.lang.NullPointerException
at romero.com.ExtendReportExample.pages.BasePage.getPageTitle(BasePage.java:32)
at romero.com.ExtendReportExample.pages.BasePage.verifyBasePageTitle(BasePage.java:38)
at romero.com.ExtendReportExample.BasePageTest.verifyHomePage(BasePageTest.java:28)
... Removed 25 stack frames]]>
    </failure>
  </testcase> <!-- verifyHomePage -->
  <testcase name="SignInPageTestOne" time="0.0" classname="romero.com.ExtendReportExample.SignInPageTest">
    <skipped/>
  </testcase> <!-- SignInPageTestOne -->
  <testcase name="SignInPageTestThree" time="0.0" classname="romero.com.ExtendReportExample.SignInPageTest">
    <skipped/>
  </testcase> <!-- SignInPageTestThree -->
  <testcase name="SignInPageTestTwo" time="0.0" classname="romero.com.ExtendReportExample.SignInPageTest">
    <skipped/>
  </testcase> <!-- SignInPageTestTwo -->
  <testcase name="verifySignInFunction" time="0.0" classname="romero.com.ExtendReportExample.SignInPageTest">
    <skipped/>
  </testcase> <!-- verifySignInFunction -->
  <testcase name="createAccountExample1" time="0.0" classname="romero.com.ExtendReportExample.CreateAccountTest">
    <skipped/>
  </testcase> <!-- createAccountExample1 -->
  <testcase name="createAccountExample2" time="0.0" classname="romero.com.ExtendReportExample.CreateAccountTest">
    <skipped/>
  </testcase> <!-- createAccountExample2 -->
  <testcase name="verifyCreateAnAccountPage" time="0.0" classname="romero.com.ExtendReportExample.CreateAccountTest">
    <skipped/>
  </testcase> <!-- verifyCreateAnAccountPage -->
</testsuite> <!-- Admin Tests -->
